[2019-03-22 16:33:56] DEBUG [_new_conn: connectionpool.py, 205] Starting new HTTP connection (1): 59.208.149.24:8084
[2019-03-22 16:33:56] DEBUG [_make_request: connectionpool.py, 393] http://59.208.149.24:8084 "GET /big/zwfw/rizhouyue/fangwenl.jspx?callback=callback4&_=1553068413578 HTTP/1.1" 200 3600
[2019-03-22 16:33:56] DEBUG [_new_conn: connectionpool.py, 205] Starting new HTTP connection (1): 59.208.149.24:8084
[2019-03-22 16:33:57] DEBUG [_make_request: connectionpool.py, 393] http://59.208.149.24:8084 "GET /big/zwfw/onlineman.jspx HTTP/1.1" 200 40
[2019-03-22 16:33:57] DEBUG [_new_conn: connectionpool.py, 205] Starting new HTTP connection (1): zwfw.hubei.gov.cn:80
[2019-03-22 16:33:57] DEBUG [_make_request: connectionpool.py, 393] http://zwfw.hubei.gov.cn:80 "GET / HTTP/1.1" 200 None
[2019-03-22 16:33:57] DEBUG [_new_conn: connectionpool.py, 205] Starting new HTTP connection (1): zwfw.hubei.gov.cn:80
[2019-03-22 16:33:57] DEBUG [_make_request: connectionpool.py, 393] http://zwfw.hubei.gov.cn:80 "GET / HTTP/1.1" 200 None
[2019-03-22 16:33:58] DEBUG [_new_conn: connectionpool.py, 205] Starting new HTTP connection (1): zwfw.hubei.gov.cn:80
[2019-03-22 16:33:58] DEBUG [_make_request: connectionpool.py, 393] http://zwfw.hubei.gov.cn:80 "GET / HTTP/1.1" 200 None
[2019-03-22 16:33:59] INFO [oracle_connect: conn_db.py, 49] oracle conn is success!
[2019-03-22 16:33:59] INFO [<module>: conn_db.py, 138] 执行插入表:SERVICE_SYSTEM
[2019-03-22 16:33:59] INFO [<module>: conn_db.py, 158] 插入表SERVICE_SYSTEM共耗时0.09889411926269531秒
[2019-03-27 14:23:10] DEBUG [_new_conn: connectionpool.py, 205] Starting new HTTP connection (1): 59.208.149.24:8084
[2019-03-27 14:23:10] DEBUG [_make_request: connectionpool.py, 393] http://59.208.149.24:8084 "GET /big/zwfw/rizhouyue/fangwenl.jspx?callback=callback4&_=1553068413578 HTTP/1.1" 200 3645
[2019-03-27 14:23:10] DEBUG [_new_conn: connectionpool.py, 205] Starting new HTTP connection (1): 59.208.149.24:8084
[2019-03-27 14:23:11] DEBUG [_make_request: connectionpool.py, 393] http://59.208.149.24:8084 "GET /big/zwfw/onlineman.jspx HTTP/1.1" 200 40
[2019-03-27 14:23:11] DEBUG [_new_conn: connectionpool.py, 205] Starting new HTTP connection (1): zwfw.hubei.gov.cn:80
[2019-03-27 14:23:11] DEBUG [_make_request: connectionpool.py, 393] http://zwfw.hubei.gov.cn:80 "GET / HTTP/1.1" 200 None
[2019-03-27 14:23:12] DEBUG [_new_conn: connectionpool.py, 205] Starting new HTTP connection (1): zwfw.hubei.gov.cn:80
[2019-03-27 14:23:12] DEBUG [_make_request: connectionpool.py, 393] http://zwfw.hubei.gov.cn:80 "GET / HTTP/1.1" 200 None
[2019-03-27 14:23:12] DEBUG [_new_conn: connectionpool.py, 205] Starting new HTTP connection (1): zwfw.hubei.gov.cn:80
[2019-03-27 14:23:13] DEBUG [_make_request: connectionpool.py, 393] http://zwfw.hubei.gov.cn:80 "GET / HTTP/1.1" 200 None
[2019-03-27 14:23:24] INFO [oracle_connect: conn_db.py, 52] oracle conn is success!
[2019-03-27 14:23:45] INFO [oracle_connect: conn_db.py, 52] oracle conn is success!
[2019-03-27 14:24:02] INFO [oracle_connect: conn_db.py, 52] oracle conn is success!
[2019-03-27 14:24:24] INFO [oracle_connect: conn_db.py, 52] oracle conn is success!
[2019-03-27 14:24:42] INFO [oracle_connect: conn_db.py, 52] oracle conn is success!
[2019-03-27 14:24:51] INFO [oracle_connect: conn_db.py, 52] oracle conn is success!
[2019-03-27 14:25:07] INFO [oracle_connect: conn_db.py, 52] oracle conn is success!
[2019-03-27 14:25:44] INFO [oracle_connect: conn_db.py, 52] oracle conn is success!
[2019-03-27 14:26:02] INFO [oracle_connect: conn_db.py, 52] oracle conn is success!
[2019-03-27 14:28:09] INFO [oracle_connect: conn_db.py, 52] oracle conn is success!
[2019-03-27 14:46:07] INFO [oracle_connect: conn_db.py, 52] oracle conn is success!
[2019-03-27 14:46:20] INFO [oracle_connect: conn_db.py, 52] oracle conn is success!
[2019-03-27 14:46:25] INFO [oracle_connect: conn_db.py, 52] oracle conn is success!
[2019-03-27 14:46:39] INFO [oracle_connect: conn_db.py, 52] oracle conn is success!
[2019-03-27 14:47:42] INFO [oracle_connect: conn_db.py, 52] oracle conn is success!
[2019-03-27 14:48:10] INFO [oracle_connect: conn_db.py, 52] oracle conn is success!
[2019-03-27 14:48:16] INFO [oracle_connect: conn_db.py, 52] oracle conn is success!
[2019-03-27 14:48:54] INFO [oracle_connect: conn_db.py, 52] oracle conn is success!
